Build started 25.12.2013 15:20:46.
     1>Project "C:\Users\Owner\Documents\Visual Studio 2012\Projects\mathematics-master\mathematics\mathematics.vcxproj" on node 2 (Build target(s)).
     1>ClCompile:
         C:\Program Files (x86)\Microsoft Visual Studio 11.0\VC\bin\CL.exe /c /ZI /nologo /W3 /WX- /Od /Oy- /D WIN32 /D _DEBUG /D _CONSOLE /D _UNICODE /D UNICODE /Gm /EHsc /RTC1 /MDd /GS /fp:precise /Zc:wchar_t /Zc:forScope /Fo"Debug\\" /Fd"Debug\vc110.pdb" /Gd /TP /analyze- /errorReport:prompt IOHandler.cpp Mathematics.cpp Solver.cpp
         IOHandler.cpp
     1>c:\users\owner\documents\visual studio 2012\projects\mathematics-master\mathematics\solver.h(91): warning C4018: '<' : signed/unsigned mismatch
     1>c:\users\owner\documents\visual studio 2012\projects\mathematics-master\mathematics\solver.h(110): error C2065: 'IOHandler' : undeclared identifier
     1>c:\users\owner\documents\visual studio 2012\projects\mathematics-master\mathematics\solver.h(110): error C2146: syntax error : missing ';' before identifier 'B'
     1>c:\users\owner\documents\visual studio 2012\projects\mathematics-master\mathematics\solver.h(110): error C2065: 'B' : undeclared identifier
     1>c:\users\owner\documents\visual studio 2012\projects\mathematics-master\mathematics\solver.h(111): error C2065: 'B' : undeclared identifier
     1>c:\users\owner\documents\visual studio 2012\projects\mathematics-master\mathematics\solver.h(111): error C2228: left of '.polynoms' must have class/struct/union
                 type is ''unknown-type''
     1>c:\users\owner\documents\visual studio 2012\projects\mathematics-master\mathematics\solver.h(111): error C2228: left of '.setVariable' must have class/struct/union
         Generating Code...
         Compiling...
         Mathematics.cpp
     1>c:\users\owner\documents\visual studio 2012\projects\mathematics-master\mathematics\solver.h(91): warning C4018: '<' : signed/unsigned mismatch
     1>c:\users\owner\documents\visual studio 2012\projects\mathematics-master\mathematics\solver.h(110): error C2065: 'IOHandler' : undeclared identifier
     1>c:\users\owner\documents\visual studio 2012\projects\mathematics-master\mathematics\solver.h(110): error C2146: syntax error : missing ';' before identifier 'B'
     1>c:\users\owner\documents\visual studio 2012\projects\mathematics-master\mathematics\solver.h(110): error C2065: 'B' : undeclared identifier
     1>c:\users\owner\documents\visual studio 2012\projects\mathematics-master\mathematics\solver.h(111): error C2065: 'B' : undeclared identifier
     1>c:\users\owner\documents\visual studio 2012\projects\mathematics-master\mathematics\solver.h(111): error C2228: left of '.polynoms' must have class/struct/union
                 type is ''unknown-type''
     1>c:\users\owner\documents\visual studio 2012\projects\mathematics-master\mathematics\solver.h(111): error C2228: left of '.setVariable' must have class/struct/union
         Generating Code...
         Compiling...
         Solver.cpp
     1>c:\users\owner\documents\visual studio 2012\projects\mathematics-master\mathematics\solver.h(91): warning C4018: '<' : signed/unsigned mismatch
     1>c:\users\owner\documents\visual studio 2012\projects\mathematics-master\mathematics\solver.h(110): error C2065: 'IOHandler' : undeclared identifier
     1>c:\users\owner\documents\visual studio 2012\projects\mathematics-master\mathematics\solver.h(110): error C2146: syntax error : missing ';' before identifier 'B'
     1>c:\users\owner\documents\visual studio 2012\projects\mathematics-master\mathematics\solver.h(110): error C2065: 'B' : undeclared identifier
     1>c:\users\owner\documents\visual studio 2012\projects\mathematics-master\mathematics\solver.h(111): error C2065: 'B' : undeclared identifier
     1>c:\users\owner\documents\visual studio 2012\projects\mathematics-master\mathematics\solver.h(111): error C2228: left of '.polynoms' must have class/struct/union
                 type is ''unknown-type''
     1>c:\users\owner\documents\visual studio 2012\projects\mathematics-master\mathematics\solver.h(111): error C2228: left of '.setVariable' must have class/struct/union
         Generating Code...
     1>Done Building Project "C:\Users\Owner\Documents\Visual Studio 2012\Projects\mathematics-master\mathematics\mathematics.vcxproj" (Build target(s)) -- FAILED.

Build FAILED.

Time Elapsed 00:00:03.88
